android-template/build/intermediates/manifest_merge_blame_file/debug/manifest-merger-blame-debug-report.txt
1<?xml version="1.0" encoding="utf-8"?>
2<manifest xmlns:android="http://schemas.android.com/apk/res/android"
3    package="com.smartcontrol.client"
4    android:versionCode="1"
5    android:versionName="1.0" >
6
7    <uses-sdk
8        android:minSdkVersion="21"
9        android:targetSdkVersion="34" />
10
11    <!-- Network permissions -->
12    <uses-permission android:name="android.permission.INTERNET" />
12-->src/main/AndroidManifest.xml:7:5-67
12-->src/main/AndroidManifest.xml:7:22-64
13    <uses-permission android:name="android.permission.ACCESS_NETWORK_STATE" />
13-->src/main/AndroidManifest.xml:8:5-79
13-->src/main/AndroidManifest.xml:8:22-76
14    <uses-permission android:name="android.permission.ACCESS_WIFI_STATE" />
14-->src/main/AndroidManifest.xml:9:5-76
14-->src/main/AndroidManifest.xml:9:22-73
15
16    <!-- System permissions -->
17    <uses-permission android:name="android.permission.SYSTEM_ALERT_WINDOW" />
17-->src/main/AndroidManifest.xml:12:5-78
17-->src/main/AndroidManifest.xml:12:22-75
18    <uses-permission android:name="android.permission.FOREGROUND_SERVICE" />
18-->src/main/AndroidManifest.xml:13:5-77
18-->src/main/AndroidManifest.xml:13:22-74
19    <uses-permission android:name="android.permission.WAKE_LOCK" />
19-->src/main/AndroidManifest.xml:14:5-68
19-->src/main/AndroidManifest.xml:14:22-65
20    <uses-permission android:name="android.permission.RECEIVE_BOOT_COMPLETED" />
20-->src/main/AndroidManifest.xml:15:5-81
20-->src/main/AndroidManifest.xml:15:22-78
21
22    <!-- Storage permissions -->
23    <uses-permission android:name="android.permission.WRITE_EXTERNAL_STORAGE" />
23-->src/main/AndroidManifest.xml:18:5-81
23-->src/main/AndroidManifest.xml:18:22-78
24    <uses-permission android:name="android.permission.READ_EXTERNAL_STORAGE" />
24-->src/main/AndroidManifest.xml:19:5-80
24-->src/main/AndroidManifest.xml:19:22-77
25
26    <!-- Screen capture permissions -->
27    <uses-permission android:name="android.permission.CAPTURE_VIDEO_OUTPUT" />
27-->src/main/AndroidManifest.xml:22:5-23:47
27-->src/main/AndroidManifest.xml:22:22-76
28    <uses-permission android:name="android.permission.CAPTURE_SECURE_VIDEO_OUTPUT" />
28-->src/main/AndroidManifest.xml:24:5-25:47
28-->src/main/AndroidManifest.xml:24:22-83
29
30    <!-- Device admin permissions -->
31    <uses-permission android:name="android.permission.BIND_DEVICE_ADMIN" />
31-->src/main/AndroidManifest.xml:28:5-76
31-->src/main/AndroidManifest.xml:28:22-73
32    <uses-permission android:name="android.permission.DEVICE_POWER" />
32-->src/main/AndroidManifest.xml:29:5-30:47
32-->src/main/AndroidManifest.xml:29:22-68
33
34    <!-- Media projection for screen capture -->
35    <uses-permission android:name="android.permission.RECORD_AUDIO" />
35-->src/main/AndroidManifest.xml:33:5-71
35-->src/main/AndroidManifest.xml:33:22-68
36    <uses-permission android:name="android.permission.CAMERA" />
36-->src/main/AndroidManifest.xml:34:5-65
36-->src/main/AndroidManifest.xml:34:22-62
37
38    <!-- Additional system permissions -->
39    <uses-permission android:name="android.permission.GET_TASKS" />
39-->src/main/AndroidManifest.xml:37:5-68
39-->src/main/AndroidManifest.xml:37:22-65
40    <uses-permission android:name="android.permission.REORDER_TASKS" />
40-->src/main/AndroidManifest.xml:38:5-72
40-->src/main/AndroidManifest.xml:38:22-69
41    <uses-permission android:name="android.permission.KILL_BACKGROUND_PROCESSES" />
41-->src/main/AndroidManifest.xml:39:5-84
41-->src/main/AndroidManifest.xml:39:22-81
42
43    <!-- Network security -->
44    <uses-permission android:name="android.permission.CHANGE_NETWORK_STATE" />
44-->src/main/AndroidManifest.xml:42:5-79
44-->src/main/AndroidManifest.xml:42:22-76
45    <uses-permission android:name="android.permission.CHANGE_WIFI_STATE" />
45-->src/main/AndroidManifest.xml:43:5-76
45-->src/main/AndroidManifest.xml:43:22-73
46
47    <permission
47-->[androidx.core:core:1.12.0] AndroidManifest.xml:22:5-24:47
48        android:name="com.smartcontrol.client.DYNAMIC_RECEIVER_NOT_EXPORTED_PERMISSION"
48-->[androidx.core:core:1.12.0] AndroidManifest.xml:23:9-81
49        android:protectionLevel="signature" />
49-->[androidx.core:core:1.12.0] AndroidManifest.xml:24:9-44
50
51    <uses-permission android:name="com.smartcontrol.client.DYNAMIC_RECEIVER_NOT_EXPORTED_PERMISSION" />
51-->[androidx.core:core:1.12.0] AndroidManifest.xml:26:5-97
51-->[androidx.core:core:1.12.0] AndroidManifest.xml:26:22-94
52
53    <application
53-->src/main/AndroidManifest.xml:45:5-98:19
54        android:allowBackup="true"
54-->src/main/AndroidManifest.xml:46:9-35
55        android:appComponentFactory="androidx.core.app.CoreComponentFactory"
55-->[androidx.core:core:1.12.0] AndroidManifest.xml:28:18-86
56        android:debuggable="true"
57        android:extractNativeLibs="true"
58        android:icon="@mipmap/ic_launcher"
58-->src/main/AndroidManifest.xml:47:9-43
59        android:label="@string/app_name"
59-->src/main/AndroidManifest.xml:48:9-41
60        android:requestLegacyExternalStorage="true"
60-->src/main/AndroidManifest.xml:50:9-52
61        android:theme="@style/AppTheme"
61-->src/main/AndroidManifest.xml:49:9-40
62        android:usesCleartextTraffic="true" >
62-->src/main/AndroidManifest.xml:51:9-44
63        <activity
63-->src/main/AndroidManifest.xml:53:9-62:20
64            android:name="com.smartcontrol.client.MainActivity"
64-->src/main/AndroidManifest.xml:54:13-41
65            android:exported="true"
65-->src/main/AndroidManifest.xml:55:13-36
66            android:launchMode="singleTask"
66-->src/main/AndroidManifest.xml:56:13-44
67            android:screenOrientation="portrait" >
67-->src/main/AndroidManifest.xml:57:13-49
68            <intent-filter>
68-->src/main/AndroidManifest.xml:58:13-61:29
69                <action android:name="android.intent.action.MAIN" />
69-->src/main/AndroidManifest.xml:59:17-69
69-->src/main/AndroidManifest.xml:59:25-66
70
71                <category android:name="android.intent.category.LAUNCHER" />
71-->src/main/AndroidManifest.xml:60:17-77
71-->src/main/AndroidManifest.xml:60:27-74
72            </intent-filter>
73        </activity>
74
75        <service
75-->src/main/AndroidManifest.xml:64:9-74:19
76            android:name="com.smartcontrol.client.AccessibilityControlService"
76-->src/main/AndroidManifest.xml:65:13-56
77            android:exported="false"
77-->src/main/AndroidManifest.xml:67:13-37
78            android:permission="android.permission.BIND_ACCESSIBILITY_SERVICE" >
78-->src/main/AndroidManifest.xml:66:13-79
79            <intent-filter>
79-->src/main/AndroidManifest.xml:68:13-70:29
80                <action android:name="android.accessibilityservice.AccessibilityService" />
80-->src/main/AndroidManifest.xml:69:17-92
80-->src/main/AndroidManifest.xml:69:25-89
81            </intent-filter>
82
83            <meta-data
83-->src/main/AndroidManifest.xml:71:13-73:72
84                android:name="android.accessibilityservice"
84-->src/main/AndroidManifest.xml:72:17-60
85                android:resource="@xml/accessibility_service_config" />
85-->src/main/AndroidManifest.xml:73:17-69
86        </service>
87        <service
87-->src/main/AndroidManifest.xml:76:9-79:63
88            android:name="com.smartcontrol.client.ScreenCaptureService"
88-->src/main/AndroidManifest.xml:77:13-49
89            android:exported="false"
89-->src/main/AndroidManifest.xml:78:13-37
90            android:foregroundServiceType="mediaProjection" />
90-->src/main/AndroidManifest.xml:79:13-60
91        <service
91-->src/main/AndroidManifest.xml:81:9-84:38
92            android:name="com.smartcontrol.client.RemoteControlService"
92-->src/main/AndroidManifest.xml:82:13-49
93            android:enabled="true"
93-->src/main/AndroidManifest.xml:84:13-35
94            android:exported="false" />
94-->src/main/AndroidManifest.xml:83:13-37
95
96        <receiver
96-->src/main/AndroidManifest.xml:86:9-96:20
97            android:name="com.smartcontrol.client.BootReceiver"
97-->src/main/AndroidManifest.xml:87:13-41
98            android:enabled="true"
98-->src/main/AndroidManifest.xml:88:13-35
99            android:exported="true" >
99-->src/main/AndroidManifest.xml:89:13-36
100            <intent-filter android:priority="1000" >
100-->src/main/AndroidManifest.xml:90:13-95:29
100-->src/main/AndroidManifest.xml:90:28-51
101                <action android:name="android.intent.action.BOOT_COMPLETED" />
101-->src/main/AndroidManifest.xml:91:17-79
101-->src/main/AndroidManifest.xml:91:25-76
102                <action android:name="android.intent.action.MY_PACKAGE_REPLACED" />
102-->src/main/AndroidManifest.xml:92:17-84
102-->src/main/AndroidManifest.xml:92:25-81
103                <action android:name="android.intent.action.PACKAGE_REPLACED" />
103-->src/main/AndroidManifest.xml:93:17-81
103-->src/main/AndroidManifest.xml:93:25-78
104
105                <data android:scheme="package" />
105-->src/main/AndroidManifest.xml:94:17-50
105-->src/main/AndroidManifest.xml:94:23-47
106            </intent-filter>
107        </receiver>
108
109        <provider
109-->[androidx.work:work-runtime:2.8.1] AndroidManifest.xml:29:9-37:20
110            android:name="androidx.startup.InitializationProvider"
110-->[androidx.work:work-runtime:2.8.1] AndroidManifest.xml:30:13-67
111            android:authorities="com.smartcontrol.client.androidx-startup"
111-->[androidx.work:work-runtime:2.8.1] AndroidManifest.xml:31:13-68
112            android:exported="false" >
112-->[androidx.work:work-runtime:2.8.1] AndroidManifest.xml:32:13-37
113            <meta-data
113-->[androidx.work:work-runtime:2.8.1] AndroidManifest.xml:34:13-36:52
114                android:name="androidx.work.WorkManagerInitializer"
114-->[androidx.work:work-runtime:2.8.1] AndroidManifest.xml:35:17-68
115                android:value="androidx.startup" />
115-->[androidx.work:work-runtime:2.8.1] AndroidManifest.xml:36:17-49
116            <meta-data
116-->[androidx.emoji2:emoji2:1.2.0] AndroidManifest.xml:29:13-31:52
117                android:name="androidx.emoji2.text.EmojiCompatInitializer"
117-->[androidx.emoji2:emoji2:1.2.0] AndroidManifest.xml:30:17-75
118                android:value="androidx.startup" />
118-->[androidx.emoji2:emoji2:1.2.0] AndroidManifest.xml:31:17-49
119            <meta-data
119-->[androidx.lifecycle:lifecycle-process:2.7.0] AndroidManifest.xml:29:13-31:52
120                android:name="androidx.lifecycle.ProcessLifecycleInitializer"
120-->[androidx.lifecycle:lifecycle-process:2.7.0] AndroidManifest.xml:30:17-78
121                android:value="androidx.startup" />
121-->[androidx.lifecycle:lifecycle-process:2.7.0] AndroidManifest.xml:31:17-49
122            <meta-data
122-->[androidx.profileinstaller:profileinstaller:1.3.0] AndroidManifest.xml:29:13-31:52
123                android:name="androidx.profileinstaller.ProfileInstallerInitializer"
123-->[androidx.profileinstaller:profileinstaller:1.3.0] AndroidManifest.xml:30:17-85
124                android:value="androidx.startup" />
124-->[androidx.profileinstaller:profileinstaller:1.3.0] AndroidManifest.xml:31:17-49
125        </provider>
126
127        <service
127-->[androidx.work:work-runtime:2.8.1] AndroidManifest.xml:39:9-45:35
128            android:name="androidx.work.impl.background.systemalarm.SystemAlarmService"
128-->[androidx.work:work-runtime:2.8.1] AndroidManifest.xml:40:13-88
129            android:directBootAware="false"
129-->[androidx.work:work-runtime:2.8.1] AndroidManifest.xml:41:13-44
130            android:enabled="@bool/enable_system_alarm_service_default"
130-->[androidx.work:work-runtime:2.8.1] AndroidManifest.xml:42:13-72
131            android:exported="false" />
131-->[androidx.work:work-runtime:2.8.1] AndroidManifest.xml:43:13-37
132        <service
132-->[androidx.work:work-runtime:2.8.1] AndroidManifest.xml:46:9-52:35
133            android:name="androidx.work.impl.background.systemjob.SystemJobService"
133-->[androidx.work:work-runtime:2.8.1] AndroidManifest.xml:47:13-84
134            android:directBootAware="false"
134-->[androidx.work:work-runtime:2.8.1] AndroidManifest.xml:48:13-44
135            android:enabled="@bool/enable_system_job_service_default"
135-->[androidx.work:work-runtime:2.8.1] AndroidManifest.xml:49:13-70
136            android:exported="true"
136-->[androidx.work:work-runtime:2.8.1] AndroidManifest.xml:50:13-36
137            android:permission="android.permission.BIND_JOB_SERVICE" />
137-->[androidx.work:work-runtime:2.8.1] AndroidManifest.xml:51:13-69
138        <service
138-->[androidx.work:work-runtime:2.8.1] AndroidManifest.xml:53:9-59:35
139            android:name="androidx.work.impl.foreground.SystemForegroundService"
139-->[androidx.work:work-runtime:2.8.1] AndroidManifest.xml:54:13-81
140            android:directBootAware="false"
140-->[androidx.work:work-runtime:2.8.1] AndroidManifest.xml:55:13-44
141            android:enabled="@bool/enable_system_foreground_service_default"
141-->[androidx.work:work-runtime:2.8.1] AndroidManifest.xml:56:13-77
142            android:exported="false" />
142-->[androidx.work:work-runtime:2.8.1] AndroidManifest.xml:57:13-37
143
144        <receiver
144-->[androidx.work:work-runtime:2.8.1] AndroidManifest.xml:61:9-66:35
145            android:name="androidx.work.impl.utils.ForceStopRunnable$BroadcastReceiver"
145-->[androidx.work:work-runtime:2.8.1] AndroidManifest.xml:62:13-88
146            android:directBootAware="false"
146-->[androidx.work:work-runtime:2.8.1] AndroidManifest.xml:63:13-44
147            android:enabled="true"
147-->[androidx.work:work-runtime:2.8.1] AndroidManifest.xml:64:13-35
148            android:exported="false" />
148-->[androidx.work:work-runtime:2.8.1] AndroidManifest.xml:65:13-37
149        <receiver
149-->[androidx.work:work-runtime:2.8.1] AndroidManifest.xml:67:9-77:20
150            android:name="androidx.work.impl.background.systemalarm.ConstraintProxy$BatteryChargingProxy"
150-->[androidx.work:work-runtime:2.8.1] AndroidManifest.xml:68:13-106
151            android:directBootAware="false"
151-->[androidx.work:work-runtime:2.8.1] AndroidManifest.xml:69:13-44
152            android:enabled="false"
152-->[androidx.work:work-runtime:2.8.1] AndroidManifest.xml:70:13-36
153            android:exported="false" >
153-->[androidx.work:work-runtime:2.8.1] AndroidManifest.xml:71:13-37
154            <intent-filter>
154-->[androidx.work:work-runtime:2.8.1] AndroidManifest.xml:73:13-76:29
155                <action android:name="android.intent.action.ACTION_POWER_CONNECTED" />
155-->[androidx.work:work-runtime:2.8.1] AndroidManifest.xml:74:17-87
155-->[androidx.work:work-runtime:2.8.1] AndroidManifest.xml:74:25-84
156                <action android:name="android.intent.action.ACTION_POWER_DISCONNECTED" />
156-->[androidx.work:work-runtime:2.8.1] AndroidManifest.xml:75:17-90
156-->[androidx.work:work-runtime:2.8.1] AndroidManifest.xml:75:25-87
157            </intent-filter>
158        </receiver>
159        <receiver
159-->[androidx.work:work-runtime:2.8.1] AndroidManifest.xml:78:9-88:20
160            android:name="androidx.work.impl.background.systemalarm.ConstraintProxy$BatteryNotLowProxy"
160-->[androidx.work:work-runtime:2.8.1] AndroidManifest.xml:79:13-104
161            android:directBootAware="false"
161-->[androidx.work:work-runtime:2.8.1] AndroidManifest.xml:80:13-44
162            android:enabled="false"
162-->[androidx.work:work-runtime:2.8.1] AndroidManifest.xml:81:13-36
163            android:exported="false" >
163-->[androidx.work:work-runtime:2.8.1] AndroidManifest.xml:82:13-37
164            <intent-filter>
164-->[androidx.work:work-runtime:2.8.1] AndroidManifest.xml:84:13-87:29
165                <action android:name="android.intent.action.BATTERY_OKAY" />
165-->[androidx.work:work-runtime:2.8.1] AndroidManifest.xml:85:17-77
165-->[androidx.work:work-runtime:2.8.1] AndroidManifest.xml:85:25-74
166                <action android:name="android.intent.action.BATTERY_LOW" />
166-->[androidx.work:work-runtime:2.8.1] AndroidManifest.xml:86:17-76
166-->[androidx.work:work-runtime:2.8.1] AndroidManifest.xml:86:25-73
167            </intent-filter>
168        </receiver>
169        <receiver
169-->[androidx.work:work-runtime:2.8.1] AndroidManifest.xml:89:9-99:20
170            android:name="androidx.work.impl.background.systemalarm.ConstraintProxy$StorageNotLowProxy"
170-->[androidx.work:work-runtime:2.8.1] AndroidManifest.xml:90:13-104
171            android:directBootAware="false"
171-->[androidx.work:work-runtime:2.8.1] AndroidManifest.xml:91:13-44
172            android:enabled="false"
172-->[androidx.work:work-runtime:2.8.1] AndroidManifest.xml:92:13-36
173            android:exported="false" >
173-->[androidx.work:work-runtime:2.8.1] AndroidManifest.xml:93:13-37
174            <intent-filter>
174-->[androidx.work:work-runtime:2.8.1] AndroidManifest.xml:95:13-98:29
175                <action android:name="android.intent.action.DEVICE_STORAGE_LOW" />
175-->[androidx.work:work-runtime:2.8.1] AndroidManifest.xml:96:17-83
175-->[androidx.work:work-runtime:2.8.1] AndroidManifest.xml:96:25-80
176                <action android:name="android.intent.action.DEVICE_STORAGE_OK" />
176-->[androidx.work:work-runtime:2.8.1] AndroidManifest.xml:97:17-82
176-->[androidx.work:work-runtime:2.8.1] AndroidManifest.xml:97:25-79
177            </intent-filter>
178        </receiver>
179        <receiver
179-->[androidx.work:work-runtime:2.8.1] AndroidManifest.xml:100:9-109:20
180            android:name="androidx.work.impl.background.systemalarm.ConstraintProxy$NetworkStateProxy"
180-->[androidx.work:work-runtime:2.8.1] AndroidManifest.xml:101:13-103
181            android:directBootAware="false"
181-->[androidx.work:work-runtime:2.8.1] AndroidManifest.xml:102:13-44
182            android:enabled="false"
182-->[androidx.work:work-runtime:2.8.1] AndroidManifest.xml:103:13-36
183            android:exported="false" >
183-->[androidx.work:work-runtime:2.8.1] AndroidManifest.xml:104:13-37
184            <intent-filter>
184-->[androidx.work:work-runtime:2.8.1] AndroidManifest.xml:106:13-108:29
185                <action android:name="android.net.conn.CONNECTIVITY_CHANGE" />
185-->[androidx.work:work-runtime:2.8.1] AndroidManifest.xml:107:17-79
185-->[androidx.work:work-runtime:2.8.1] AndroidManifest.xml:107:25-76
186            </intent-filter>
187        </receiver>
188        <receiver
188-->[androidx.work:work-runtime:2.8.1] AndroidManifest.xml:110:9-121:20
189            android:name="androidx.work.impl.background.systemalarm.RescheduleReceiver"
189-->[androidx.work:work-runtime:2.8.1] AndroidManifest.xml:111:13-88
190            android:directBootAware="false"
190-->[androidx.work:work-runtime:2.8.1] AndroidManifest.xml:112:13-44
191            android:enabled="false"
191-->[androidx.work:work-runtime:2.8.1] AndroidManifest.xml:113:13-36
192            android:exported="false" >
192-->[androidx.work:work-runtime:2.8.1] AndroidManifest.xml:114:13-37
193            <intent-filter>
193-->[androidx.work:work-runtime:2.8.1] AndroidManifest.xml:116:13-120:29
194                <action android:name="android.intent.action.BOOT_COMPLETED" />
194-->src/main/AndroidManifest.xml:91:17-79
194-->src/main/AndroidManifest.xml:91:25-76
195                <action android:name="android.intent.action.TIME_SET" />
195-->[androidx.work:work-runtime:2.8.1] AndroidManifest.xml:118:17-73
195-->[androidx.work:work-runtime:2.8.1] AndroidManifest.xml:118:25-70
196                <action android:name="android.intent.action.TIMEZONE_CHANGED" />
196-->[androidx.work:work-runtime:2.8.1] AndroidManifest.xml:119:17-81
196-->[androidx.work:work-runtime:2.8.1] AndroidManifest.xml:119:25-78
197            </intent-filter>
198        </receiver>
199        <receiver
199-->[androidx.work:work-runtime:2.8.1] AndroidManifest.xml:122:9-131:20
200            android:name="androidx.work.impl.background.systemalarm.ConstraintProxyUpdateReceiver"
200-->[androidx.work:work-runtime:2.8.1] AndroidManifest.xml:123:13-99
201            android:directBootAware="false"
201-->[androidx.work:work-runtime:2.8.1] AndroidManifest.xml:124:13-44
202            android:enabled="@bool/enable_system_alarm_service_default"
202-->[androidx.work:work-runtime:2.8.1] AndroidManifest.xml:125:13-72
203            android:exported="false" >
203-->[androidx.work:work-runtime:2.8.1] AndroidManifest.xml:126:13-37
204            <intent-filter>
204-->[androidx.work:work-runtime:2.8.1] AndroidManifest.xml:128:13-130:29
205                <action android:name="androidx.work.impl.background.systemalarm.UpdateProxies" />
205-->[androidx.work:work-runtime:2.8.1] AndroidManifest.xml:129:17-98
205-->[androidx.work:work-runtime:2.8.1] AndroidManifest.xml:129:25-95
206            </intent-filter>
207        </receiver>
208        <receiver
208-->[androidx.work:work-runtime:2.8.1] AndroidManifest.xml:132:9-142:20
209            android:name="androidx.work.impl.diagnostics.DiagnosticsReceiver"
209-->[androidx.work:work-runtime:2.8.1] AndroidManifest.xml:133:13-78
210            android:directBootAware="false"
210-->[androidx.work:work-runtime:2.8.1] AndroidManifest.xml:134:13-44
211            android:enabled="true"
211-->[androidx.work:work-runtime:2.8.1] AndroidManifest.xml:135:13-35
212            android:exported="true"
212-->[androidx.work:work-runtime:2.8.1] AndroidManifest.xml:136:13-36
213            android:permission="android.permission.DUMP" >
213-->[androidx.work:work-runtime:2.8.1] AndroidManifest.xml:137:13-57
214            <intent-filter>
214-->[androidx.work:work-runtime:2.8.1] AndroidManifest.xml:139:13-141:29
215                <action android:name="androidx.work.diagnostics.REQUEST_DIAGNOSTICS" />
215-->[androidx.work:work-runtime:2.8.1] AndroidManifest.xml:140:17-88
215-->[androidx.work:work-runtime:2.8.1] AndroidManifest.xml:140:25-85
216            </intent-filter>
217        </receiver>
218
219        <uses-library
219-->[androidx.window:window:1.0.0] AndroidManifest.xml:25:9-27:40
220            android:name="androidx.window.extensions"
220-->[androidx.window:window:1.0.0] AndroidManifest.xml:26:13-54
221            android:required="false" />
221-->[androidx.window:window:1.0.0] AndroidManifest.xml:27:13-37
222        <uses-library
222-->[androidx.window:window:1.0.0] AndroidManifest.xml:28:9-30:40
223            android:name="androidx.window.sidecar"
223-->[androidx.window:window:1.0.0] AndroidManifest.xml:29:13-51
224            android:required="false" />
224-->[androidx.window:window:1.0.0] AndroidManifest.xml:30:13-37
225
226        <service
226-->[androidx.room:room-runtime:2.5.0] AndroidManifest.xml:24:9-28:63
227            android:name="androidx.room.MultiInstanceInvalidationService"
227-->[androidx.room:room-runtime:2.5.0] AndroidManifest.xml:25:13-74
228            android:directBootAware="true"
228-->[androidx.room:room-runtime:2.5.0] AndroidManifest.xml:26:13-43
229            android:exported="false" />
229-->[androidx.room:room-runtime:2.5.0] AndroidManifest.xml:27:13-37
230
231        <receiver
231-->[androidx.profileinstaller:profileinstaller:1.3.0] AndroidManifest.xml:34:9-52:20
232            android:name="androidx.profileinstaller.ProfileInstallReceiver"
232-->[androidx.profileinstaller:profileinstaller:1.3.0] AndroidManifest.xml:35:13-76
233            android:directBootAware="false"
233-->[androidx.profileinstaller:profileinstaller:1.3.0] AndroidManifest.xml:36:13-44
234            android:enabled="true"
234-->[androidx.profileinstaller:profileinstaller:1.3.0] AndroidManifest.xml:37:13-35
235            android:exported="true"
235-->[androidx.profileinstaller:profileinstaller:1.3.0] AndroidManifest.xml:38:13-36
236            android:permission="android.permission.DUMP" >
236-->[androidx.profileinstaller:profileinstaller:1.3.0] AndroidManifest.xml:39:13-57
237            <intent-filter>
237-->[androidx.profileinstaller:profileinstaller:1.3.0] AndroidManifest.xml:40:13-42:29
238                <action android:name="androidx.profileinstaller.action.INSTALL_PROFILE" />
238-->[androidx.profileinstaller:profileinstaller:1.3.0] AndroidManifest.xml:41:17-91
238-->[androidx.profileinstaller:profileinstaller:1.3.0] AndroidManifest.xml:41:25-88
239            </intent-filter>
240            <intent-filter>
240-->[androidx.profileinstaller:profileinstaller:1.3.0] AndroidManifest.xml:43:13-45:29
241                <action android:name="androidx.profileinstaller.action.SKIP_FILE" />
241-->[androidx.profileinstaller:profileinstaller:1.3.0] AndroidManifest.xml:44:17-85
241-->[androidx.profileinstaller:profileinstaller:1.3.0] AndroidManifest.xml:44:25-82
242            </intent-filter>
243            <intent-filter>
243-->[androidx.profileinstaller:profileinstaller:1.3.0] AndroidManifest.xml:46:13-48:29
244                <action android:name="androidx.profileinstaller.action.SAVE_PROFILE" />
244-->[androidx.profileinstaller:profileinstaller:1.3.0] AndroidManifest.xml:47:17-88
244-->[androidx.profileinstaller:profileinstaller:1.3.0] AndroidManifest.xml:47:25-85
245            </intent-filter>
246            <intent-filter>
246-->[androidx.profileinstaller:profileinstaller:1.3.0] AndroidManifest.xml:49:13-51:29
247                <action android:name="androidx.profileinstaller.action.BENCHMARK_OPERATION" />
247-->[androidx.profileinstaller:profileinstaller:1.3.0] AndroidManifest.xml:50:17-95
247-->[androidx.profileinstaller:profileinstaller:1.3.0] AndroidManifest.xml:50:25-92
248            </intent-filter>
249        </receiver>
250    </application>
251
252</manifest>